<?xml version="1.0" encoding="UTF-8"?>
<!-- Generated by org.testng.reporters.JUnitReportReporter -->
<testsuite hostname="Lab-H-25" name="com.example.tests.LoanCal" tests="1" failures="0" timestamp="18 Jun 2017 06:37:23 GMT" time="13.810" errors="0">
  <testcase name="testCalPercentage" time="13.810" classname="com.example.tests.LoanCal"/>
</testsuite> <!-- com.example.tests.LoanCal -->
