<?xml version="1.0" encoding="UTF-8"?>
<!-- Generated by org.testng.reporters.JUnitReportReporter -->
<testsuite hostname="Lab-H-25" name="com.example.objectRepository.LoanCalChange" tests="1" failures="0" timestamp="18 Jun 2017 09:47:19 GMT" time="13.896" errors="0">
  <testcase name="testCalPercentage" time="13.896" classname="com.example.objectRepository.LoanCalChange"/>
</testsuite> <!-- com.example.objectRepository.LoanCalChange -->
